<?xml version="1.0" encoding="UTF-8"?>
<!-- Generated by org.testng.reporters.JUnitXMLReporter -->
<testsuite ignored="0" hostname="DESKTOP-CJK6AKF" failures="0" tests="4" name="Surefire test" time="194.701" errors="0" timestamp="17 мая 2019 06:09:27 GMT">
  <testcase classname="Tests" name="navigateToBeruAuthPage" time="17.865"/>
  <testcase classname="Tests" name="regionChangeTest" time="32.251"/>
  <testcase classname="Tests" name="regionChangeTest" time="30.88"/>
  <testcase classname="Tests" name="toothbrushTest" time="38.298"/>
</testsuite> <!-- Surefire test -->
