<?xml version="1.0" encoding="UTF-8"?>
<!-- Generated by org.testng.reporters.JUnitXMLReporter -->
<testsuite ignored="0" hostname="DESKTOP-CJK6AKF" failures="0" tests="4" name="Surefire test" time="184.788" errors="0" timestamp="17 мая 2019 08:35:53 GMT">
  <testcase classname="Tests" name="navigateToBeruAuthPage" time="15.101"/>
  <testcase classname="Tests" name="regionChangeTest" time="29.059"/>
  <testcase classname="Tests" name="regionChangeTest" time="29.701"/>
  <testcase classname="Tests" name="toothbrushTest" time="35.298"/>
</testsuite> <!-- Surefire test -->
