<?xml version="1.0" encoding="UTF-8"?>
<testng-results ignored="0" total="4" passed="4" failed="0" skipped="0">
  <reporter-output>
  </reporter-output>
  <suite started-at="2019-05-17T06:06:12Z" name="Surefire suite" finished-at="2019-05-17T06:09:27Z" duration-ms="194701">
    <groups>
    </groups>
    <test started-at="2019-05-17T06:06:12Z" name="Surefire test" finished-at="2019-05-17T06:09:27Z" duration-ms="194701">
      <class name="Tests">
        <test-method is-config="true" signature="setupClass()[pri:0, instance:Tests@6331250e]" started-at="2019-05-17T06:06:12Z" name="setupClass" finished-at="2019-05-17T06:06:13Z" duration-ms="756" status="PASS">
          <reporter-output>
          </reporter-output>
        </test-method> <!-- setupClass -->
        <test-method is-config="true" signature="setupTest()[pri:0, instance:Tests@6331250e]" started-at="2019-05-17T06:06:13Z" name="setupTest" finished-at="2019-05-17T06:06:26Z" duration-ms="12795" status="PASS">
          <reporter-output>
          </reporter-output>
        </test-method> <!-- setupTest -->
        <test-method signature="navigateToBeruAuthPage()[pri:0, instance:Tests@6331250e]" started-at="2019-05-17T06:06:26Z" name="navigateToBeruAuthPage" finished-at="2019-05-17T06:06:44Z" duration-ms="17865" status="PASS">
          <reporter-output>
          </reporter-output>
        </test-method> <!-- navigateToBeruAuthPage -->
        <test-method is-config="true" signature="signOut()[pri:0, instance:Tests@6331250e]" started-at="2019-05-17T06:06:44Z" name="signOut" finished-at="2019-05-17T06:06:55Z" duration-ms="10813" status="PASS">
          <reporter-output>
          </reporter-output>
        </test-method> <!-- signOut -->
        <test-method is-config="true" signature="setupTest()[pri:0, instance:Tests@6331250e]" started-at="2019-05-17T06:06:55Z" name="setupTest" finished-at="2019-05-17T06:07:08Z" duration-ms="12891" status="PASS">
          <reporter-output>
          </reporter-output>
        </test-method> <!-- setupTest -->
        <test-method signature="regionChangeTest(java.lang.String)[pri:0, instance:Tests@6331250e]" started-at="2019-05-17T06:07:08Z" name="regionChangeTest" data-provider="regionChangeTest" finished-at="2019-05-17T06:07:40Z" duration-ms="32251" status="PASS">
          <params>
            <param index="0">
              <value>
                <![CDATA[Саратов]]>
              </value>
            </param>
          </params>
          <reporter-output>
          </reporter-output>
        </test-method> <!-- regionChangeTest -->
        <test-method is-config="true" signature="signOut()[pri:0, instance:Tests@6331250e]" started-at="2019-05-17T06:07:40Z" name="signOut" finished-at="2019-05-17T06:07:47Z" duration-ms="7214" status="PASS">
          <reporter-output>
          </reporter-output>
        </test-method> <!-- signOut -->
        <test-method is-config="true" signature="setupTest()[pri:0, instance:Tests@6331250e]" started-at="2019-05-17T06:07:47Z" name="setupTest" finished-at="2019-05-17T06:08:00Z" duration-ms="12591" status="PASS">
          <reporter-output>
          </reporter-output>
        </test-method> <!-- setupTest -->
        <test-method signature="regionChangeTest(java.lang.String)[pri:0, instance:Tests@6331250e]" started-at="2019-05-17T06:08:00Z" name="regionChangeTest" data-provider="regionChangeTest" finished-at="2019-05-17T06:08:31Z" duration-ms="30880" status="PASS">
          <params>
            <param index="0">
              <value>
                <![CDATA[Хвалынск]]>
              </value>
            </param>
          </params>
          <reporter-output>
          </reporter-output>
        </test-method> <!-- regionChangeTest -->
        <test-method is-config="true" signature="signOut()[pri:0, instance:Tests@6331250e]" started-at="2019-05-17T06:08:31Z" name="signOut" finished-at="2019-05-17T06:08:37Z" duration-ms="6215" status="PASS">
          <reporter-output>
          </reporter-output>
        </test-method> <!-- signOut -->
        <test-method is-config="true" signature="setupTest()[pri:0, instance:Tests@6331250e]" started-at="2019-05-17T06:08:37Z" name="setupTest" finished-at="2019-05-17T06:08:47Z" duration-ms="10645" status="PASS">
          <reporter-output>
          </reporter-output>
        </test-method> <!-- setupTest -->
        <test-method signature="toothbrushTest()[pri:0, instance:Tests@6331250e]" started-at="2019-05-17T06:08:47Z" name="toothbrushTest" finished-at="2019-05-17T06:09:26Z" duration-ms="38298" status="PASS">
          <reporter-output>
          </reporter-output>
        </test-method> <!-- toothbrushTest -->
        <test-method is-config="true" signature="signOut()[pri:0, instance:Tests@6331250e]" started-at="2019-05-17T06:09:26Z" name="signOut" finished-at="2019-05-17T06:09:27Z" duration-ms="1069" status="PASS">
          <reporter-output>
          </reporter-output>
        </test-method> <!-- signOut -->
      </class> <!-- Tests -->
    </test> <!-- Surefire test -->
  </suite> <!-- Surefire suite -->
</testng-results>
