<?xml version="1.0" encoding="UTF-8"?>
<testng-results ignored="0" total="4" passed="4" failed="0" skipped="0">
  <reporter-output>
  </reporter-output>
  <suite started-at="2019-05-17T08:32:48Z" name="Surefire suite" finished-at="2019-05-17T08:35:53Z" duration-ms="184788">
    <groups>
    </groups>
    <test started-at="2019-05-17T08:32:48Z" name="Surefire test" finished-at="2019-05-17T08:35:53Z" duration-ms="184788">
      <class name="Tests">
        <test-method is-config="true" signature="setupClass()[pri:0, instance:Tests@67a056f1]" started-at="2019-05-17T08:32:48Z" name="setupClass" finished-at="2019-05-17T08:32:49Z" duration-ms="834" status="PASS">
          <reporter-output>
          </reporter-output>
        </test-method> <!-- setupClass -->
        <test-method is-config="true" signature="setupTest()[pri:0, instance:Tests@67a056f1]" started-at="2019-05-17T08:32:49Z" name="setupTest" finished-at="2019-05-17T08:33:02Z" duration-ms="13247" status="PASS">
          <reporter-output>
          </reporter-output>
        </test-method> <!-- setupTest -->
        <test-method signature="navigateToBeruAuthPage()[pri:0, instance:Tests@67a056f1]" started-at="2019-05-17T08:33:03Z" name="navigateToBeruAuthPage" finished-at="2019-05-17T08:33:18Z" duration-ms="15101" status="PASS">
          <reporter-output>
          </reporter-output>
        </test-method> <!-- navigateToBeruAuthPage -->
        <test-method is-config="true" signature="signOut()[pri:0, instance:Tests@67a056f1]" started-at="2019-05-17T08:33:18Z" name="signOut" finished-at="2019-05-17T08:33:29Z" duration-ms="11028" status="PASS">
          <reporter-output>
          </reporter-output>
        </test-method> <!-- signOut -->
        <test-method is-config="true" signature="setupTest()[pri:0, instance:Tests@67a056f1]" started-at="2019-05-17T08:33:29Z" name="setupTest" finished-at="2019-05-17T08:33:41Z" duration-ms="12388" status="PASS">
          <reporter-output>
          </reporter-output>
        </test-method> <!-- setupTest -->
        <test-method signature="regionChangeTest(java.lang.String)[pri:0, instance:Tests@67a056f1]" started-at="2019-05-17T08:33:41Z" name="regionChangeTest" data-provider="regionChangeTest" finished-at="2019-05-17T08:34:10Z" duration-ms="29059" status="PASS">
          <params>
            <param index="0">
              <value>
                <![CDATA[Саратов]]>
              </value>
            </param>
          </params>
          <reporter-output>
          </reporter-output>
        </test-method> <!-- regionChangeTest -->
        <test-method is-config="true" signature="signOut()[pri:0, instance:Tests@67a056f1]" started-at="2019-05-17T08:34:10Z" name="signOut" finished-at="2019-05-17T08:34:17Z" duration-ms="6999" status="PASS">
          <reporter-output>
          </reporter-output>
        </test-method> <!-- signOut -->
        <test-method is-config="true" signature="setupTest()[pri:0, instance:Tests@67a056f1]" started-at="2019-05-17T08:34:17Z" name="setupTest" finished-at="2019-05-17T08:34:28Z" duration-ms="10280" status="PASS">
          <reporter-output>
          </reporter-output>
        </test-method> <!-- setupTest -->
        <test-method signature="regionChangeTest(java.lang.String)[pri:0, instance:Tests@67a056f1]" started-at="2019-05-17T08:34:28Z" name="regionChangeTest" data-provider="regionChangeTest" finished-at="2019-05-17T08:34:57Z" duration-ms="29701" status="PASS">
          <params>
            <param index="0">
              <value>
                <![CDATA[Хвалынск]]>
              </value>
            </param>
          </params>
          <reporter-output>
          </reporter-output>
        </test-method> <!-- regionChangeTest -->
        <test-method is-config="true" signature="signOut()[pri:0, instance:Tests@67a056f1]" started-at="2019-05-17T08:34:57Z" name="signOut" finished-at="2019-05-17T08:35:04Z" duration-ms="7152" status="PASS">
          <reporter-output>
          </reporter-output>
        </test-method> <!-- signOut -->
        <test-method is-config="true" signature="setupTest()[pri:0, instance:Tests@67a056f1]" started-at="2019-05-17T08:35:04Z" name="setupTest" finished-at="2019-05-17T08:35:16Z" duration-ms="11601" status="PASS">
          <reporter-output>
          </reporter-output>
        </test-method> <!-- setupTest -->
        <test-method signature="toothbrushTest()[pri:0, instance:Tests@67a056f1]" started-at="2019-05-17T08:35:16Z" name="toothbrushTest" finished-at="2019-05-17T08:35:51Z" duration-ms="35298" status="PASS">
          <reporter-output>
          </reporter-output>
        </test-method> <!-- toothbrushTest -->
        <test-method is-config="true" signature="signOut()[pri:0, instance:Tests@67a056f1]" started-at="2019-05-17T08:35:51Z" name="signOut" finished-at="2019-05-17T08:35:53Z" duration-ms="1618" status="PASS">
          <reporter-output>
          </reporter-output>
        </test-method> <!-- signOut -->
      </class> <!-- Tests -->
    </test> <!-- Surefire test -->
  </suite> <!-- Surefire suite -->
</testng-results>
