<?xml version="1.0" encoding="UTF-8"?>
<testsuite xmlns:xsi="http://www.w3.org/2001/XMLSchema-instance" xsi:noNamespaceSchemaLocation="https://maven.apache.org/surefire/maven-surefire-plugin/xsd/surefire-test-report.xsd" name="Tests" time="186.866" tests="4" errors="0" skipped="0" failures="0">
  <properties>
[...]
</properties>
  <testcase name="navigateToBeruAuthPage" classname="Tests" time="15.042"/>
  <testcase name="regionChangeTest" classname="Tests" time="29.085"/>
  <testcase name="regionChangeTest" classname="Tests" time="29.702"/>
  <testcase name="toothbrushTest" classname="Tests" time="35.299"/>
</testsuite>